Determining if the pthread_create exist failed with the following output:
Change Dir: /home/fldec-05/spawn_ws/build/navigation_robot_pkg/CMakeFiles/CMakeTmp

Run Build Command:"/usr/bin/make" "cmTC_395cd/fast"
/usr/bin/make -f CMakeFiles/cmTC_395cd.dir/build.make CMakeFiles/cmTC_395cd.dir/build
make[1]: Entering directory '/home/fldec-05/spawn_ws/build/navigation_robot_pkg/CMakeFiles/CMakeTmp'
Building C object CMakeFiles/cmTC_395cd.dir/CheckSymbolExists.c.o
/usr/bin/cc    -o CMakeFiles/cmTC_395cd.dir/CheckSymbolExists.c.o   -c /home/fldec-05/spawn_ws/build/navigation_robot_pkg/CMakeFiles/CMakeTmp/CheckSymbolExists.c
Linking C executable cmTC_395cd
/usr/bin/cmake -E cmake_link_script CMakeFiles/cmTC_395cd.dir/link.txt --verbose=1
/usr/bin/cc      -rdynamic CMakeFiles/cmTC_395cd.dir/CheckSymbolExists.c.o  -o cmTC_395cd 
CMakeFiles/cmTC_395cd.dir/CheckSymbolExists.c.o: In function `main':
CheckSymbolExists.c:(.text+0x1b): undefined reference to `pthread_create'
collect2: error: ld returned 1 exit status
CMakeFiles/cmTC_395cd.dir/build.make:97: recipe for target 'cmTC_395cd' failed
make[1]: *** [cmTC_395cd] Error 1
make[1]: Leaving directory '/home/fldec-05/spawn_ws/build/navigation_robot_pkg/CMakeFiles/CMakeTmp'
Makefile:126: recipe for target 'cmTC_395cd/fast' failed
make: *** [cmTC_395cd/fast] Error 2

File /home/fldec-05/spawn_ws/build/navigation_robot_pkg/CMakeFiles/CMakeTmp/CheckSymbolExists.c:
/* */
#include <pthread.h>

int main(int argc, char** argv)
{
  (void)argv;
#ifndef pthread_create
  return ((int*)(&pthread_create))[argc];
#else
  (void)argc;
  return 0;
#endif
}

Determining if the function pthread_create exists in the pthreads failed with the following output:
Change Dir: /home/fldec-05/spawn_ws/build/navigation_robot_pkg/CMakeFiles/CMakeTmp

Run Build Command:"/usr/bin/make" "cmTC_fcf98/fast"
/usr/bin/make -f CMakeFiles/cmTC_fcf98.dir/build.make CMakeFiles/cmTC_fcf98.dir/build
make[1]: Entering directory '/home/fldec-05/spawn_ws/build/navigation_robot_pkg/CMakeFiles/CMakeTmp'
Building C object CMakeFiles/cmTC_fcf98.dir/CheckFunctionExists.c.o
/usr/bin/cc   -DCHECK_FUNCTION_EXISTS=pthread_create   -o CMakeFiles/cmTC_fcf98.dir/CheckFunctionExists.c.o   -c /usr/share/cmake-3.10/Modules/CheckFunctionExists.c
Linking C executable cmTC_fcf98
/usr/bin/cmake -E cmake_link_script CMakeFiles/cmTC_fcf98.dir/link.txt --verbose=1
/usr/bin/cc  -DCHECK_FUNCTION_EXISTS=pthread_create    -rdynamic CMakeFiles/cmTC_fcf98.dir/CheckFunctionExists.c.o  -o cmTC_fcf98 -lpthreads 
/usr/bin/ld: cannot find -lpthreads
collect2: error: ld returned 1 exit status
CMakeFiles/cmTC_fcf98.dir/build.make:97: recipe for target 'cmTC_fcf98' failed
make[1]: *** [cmTC_fcf98] Error 1
make[1]: Leaving directory '/home/fldec-05/spawn_ws/build/navigation_robot_pkg/CMakeFiles/CMakeTmp'
Makefile:126: recipe for target 'cmTC_fcf98/fast' failed
make: *** [cmTC_fcf98/fast] Error 2


